<component name="libraryTable">
  <library name="junit">
    <CLASSES>
      <root url="jar://C:/Program Files (x86)/JetBrains/IntelliJ IDEA Community Edition 2016.3.5/lib/junit.jar!/" />
    </CLASSES>
    <JAVADOC />
    <SOURCES />
  </library>
</component>